<?xml version="1.0" encoding="UTF-8"?>
<!-- Generated by org.testng.reporters.JUnitReportReporter -->
<testsuite hostname="gipl-226" failures="0" tests="3" name="com_Cadou_giftting.Test.TC_Login_001" time="19.165" errors="0" timestamp="2023-04-28T11:08:16 IST" skipped="0">
  <testcase classname="com_Cadou_giftting.Test.TC_Login_001" name="verifyTitle" time="4.010"/>
  <system-out/>
  <testcase classname="com_Cadou_giftting.Test.TC_Login_001" name="verifyLogin" time="0.267"/>
  <system-out/>
  <testcase classname="com_Cadou_giftting.Test.TC_Login_001" name="AssignCaptianShift" time="14.888"/>
  <system-out/>
</testsuite> <!-- com_Cadou_giftting.Test.TC_Login_001 -->
