<?xml version="1.0" encoding="UTF-8"?>
<!-- Generated by org.testng.reporters.JUnitReportReporter -->
<testsuite hostname="Arcgate-PC" failures="0" tests="4" name="com.genvideo.TestCases.TC_Login_001" time="20.522" errors="0" timestamp="2022-09-23T11:30:38 IST" skipped="0">
  <testcase classname="com.genvideo.TestCases.TC_Login_001" name="verifyTitle" time="8.241"/>
  <system-out/>
  <testcase classname="com.genvideo.TestCases.TC_Login_001" name="verifyLogo" time="1.086"/>
  <system-out/>
  <testcase classname="com.genvideo.TestCases.TC_Login_001" name="verifyLogin" time="9.792"/>
  <system-out/>
  <testcase classname="com.genvideo.TestCases.TC_Login_001" name="verifyForgetPasswordLink" time="1.403"/>
  <system-out/>
</testsuite> <!-- com.genvideo.TestCases.TC_Login_001 -->
