<?xml version="1.0" encoding="UTF-8"?>
<!-- Generated by org.testng.reporters.JUnitReportReporter -->
<testsuite hostname="Arcgate-PC" failures="0" tests="1" name="ExtentReport.ExtentReport" time="0.092" errors="0" timestamp="2022-09-16T15:25:17 IST" skipped="0">
  <testcase classname="ExtentReport.ExtentReport" name="Test" time="0.092"/>
  <system-out/>
</testsuite> <!-- ExtentReport.ExtentReport -->
