<?xml version="1.0" encoding="UTF-8"?>
<!-- Generated by org.testng.reporters.JUnitReportReporter -->
<testsuite hostname="Arcgate-PC" failures="0" tests="3" name="com.genvideo.TestCases.TC_LoginWorkSpace_002" time="27.077" errors="0" timestamp="2022-09-23T11:30:38 IST" skipped="0">
  <testcase classname="com.genvideo.TestCases.TC_LoginWorkSpace_002" name="verifyLoginWorkSpaceTitle" time="9.170"/>
  <system-out/>
  <testcase classname="com.genvideo.TestCases.TC_LoginWorkSpace_002" name="verify_Logo_on_WorkSpacePage" time="2.057"/>
  <system-out/>
  <testcase classname="com.genvideo.TestCases.TC_LoginWorkSpace_002" name="selectWorkSpace" time="15.850"/>
  <system-out/>
</testsuite> <!-- com.genvideo.TestCases.TC_LoginWorkSpace_002 -->
