<?xml version="1.0" encoding="UTF-8"?>
<!-- Generated by org.testng.reporters.JUnitReportReporter -->
<testsuite hostname="Arcgate-PC" failures="0" tests="4" name="com.genvideo.TestCases.TC_Login_001" time="14.299" errors="0" timestamp="2022-09-23T11:34:27 IST" skipped="0">
  <testcase classname="com.genvideo.TestCases.TC_Login_001" name="verifyTitle" time="5.561"/>
  <system-out/>
  <testcase classname="com.genvideo.TestCases.TC_Login_001" name="verifyLogo" time="1.083"/>
  <system-out/>
  <testcase classname="com.genvideo.TestCases.TC_Login_001" name="verifyLogin" time="6.123"/>
  <system-out/>
  <testcase classname="com.genvideo.TestCases.TC_Login_001" name="verifyForgetPasswordLink" time="1.532"/>
  <system-out/>
</testsuite> <!-- com.genvideo.TestCases.TC_Login_001 -->
