<?xml version="1.0" encoding="UTF-8"?>
<!-- Generated by org.testng.reporters.JUnitReportReporter -->
<testsuite hostname="Arcgate-PC" failures="0" tests="3" name="com.genvideo.TestCases.TC_LoginWorkSpace_002" time="19.225" errors="0" timestamp="2022-09-23T11:34:27 IST" skipped="0">
  <testcase classname="com.genvideo.TestCases.TC_LoginWorkSpace_002" name="verifyLoginWorkSpaceTitle" time="6.035"/>
  <system-out/>
  <testcase classname="com.genvideo.TestCases.TC_LoginWorkSpace_002" name="verify_Logo_on_WorkSpacePage" time="2.054"/>
  <system-out/>
  <testcase classname="com.genvideo.TestCases.TC_LoginWorkSpace_002" name="selectWorkSpace" time="11.136"/>
  <system-out/>
</testsuite> <!-- com.genvideo.TestCases.TC_LoginWorkSpace_002 -->
